<?xml version="1.0" encoding="UTF-8"?>
<!-- Generated by org.testng.reporters.JUnitReportReporter -->
<testsuite hostname="LAPTOP-M23KPQ18" failures="0" tests="1" name="practice_1.First" time="0.008" errors="0" timestamp="25 Dec 2018 01:10:36 GMT" skipped="0">
  <testcase classname="practice_1.First" name="getElement1" time="0.008"/>
</testsuite> <!-- practice_1.First -->
